Using pre-set license
Built from '2021.1/release' branch; Version is '2021.1.16f1 (5fa502fca597) revision 6268162'; Using compiler version '192528614'; Build Type 'Release'
OS: 'Windows 10 Pro; OS build 19043.1165; Version 2009; 64bit' Language: 'en' Physical Memory: 16299 MB
BatchMode: 1, IsHumanControllingUs: 0, StartBugReporterOnCrash: 0, Is64bit: 1, IsPro: 0

 COMMAND LINE ARGUMENTS:
C:\Program Files\Unity\Hub\Editor\2021.1.16f1\Editor\Unity.exe
-adb2
-batchMode
-noUpm
-name
AssetImportWorker0
-projectPath
C:/Iskra
-logFile
Logs/AssetImportWorker0.log
-srvPort
55035
Successfully changed project path to: C:/Iskra
C:/Iskra
Using Asset Import Pipeline V2.
Refreshing native plugins compatible for Editor in 584.69 ms, found 4 plugins.
Preloading 0 native plugins for Editor in 0.00 ms.
Initialize engine version: 2021.1.16f1 (5fa502fca597)
[Subsystems] Discovering subsystems at path C:/Program Files/Unity/Hub/Editor/2021.1.16f1/Editor/Data/Resources/UnitySubsystems
[Subsystems] Discovering subsystems at path C:/Iskra/Assets
GfxDevice: creating device client; threaded=0; jobified=0
Direct3D:
    Version:  Direct3D 11.0 [level 11.1]
    Renderer: NVIDIA GeForce GTX 1080 Ti (ID=0x1b06)
    Vendor:   NVIDIA
    VRAM:     11128 MB
    Driver:   27.21.14.5730
Initialize mono
Mono path[0] = 'C:/Program Files/Unity/Hub/Editor/2021.1.16f1/Editor/Data/Managed'
Mono path[1] = 'C:/Program Files/Unity/Hub/Editor/2021.1.16f1/Editor/Data/MonoBleedingEdge/lib/mono/unityjit'
Mono config path = 'C:/Program Files/Unity/Hub/Editor/2021.1.16f1/Editor/Data/MonoBleedingEdge/etc'
Using monoOptions --debugger-agent=transport=dt_socket,embedding=1,server=y,suspend=n,address=127.0.0.1:56164
Begin MonoManager ReloadAssembly
Registering precompiled unity dll's ...
Register platform support module: C:/Program Files/Unity/Hub/Editor/2021.1.16f1/Editor/Data/PlaybackEngines/WebGLSupport/UnityEditor.WebGL.Extensions.dll
Register platform support module: C:/Program Files/Unity/Hub/Editor/2021.1.16f1/Editor/Data/PlaybackEngines/WindowsStandaloneSupport/UnityEditor.WindowsStandalone.Extensions.dll
Registered in 0.002942 seconds.
Native extension for WindowsStandalone target not found
Native extension for WebGL target not found
Refreshing native plugins compatible for Editor in 593.59 ms, found 4 plugins.
Preloading 0 native plugins for Editor in 0.00 ms.
Mono: successfully reloaded assembly
- Completed reload, in  2.373 seconds
Domain Reload Profiling:
	ReloadAssembly (2373ms)
		BeginReloadAssembly (101ms)
			ExecutionOrderSort (0ms)
			DisableScriptedObjects (0ms)
			BackupInstance (0ms)
			ReleaseScriptingObjects (0ms)
			CreateAndSetChildDomain (1ms)
		EndReloadAssembly (1242ms)
			LoadAssemblies (99ms)
			RebuildTransferFunctionScriptingTraits (0ms)
			SetupTypeCache (287ms)
			ReleaseScriptCaches (0ms)
			RebuildScriptCaches (52ms)
			SetupLoadedEditorAssemblies (816ms)
				LogAssemblyErrors (0ms)
				InitializePlatformSupportModulesInManaged (10ms)
				SetLoadedEditorAssemblies (0ms)
				RefreshPlugins (594ms)
				BeforeProcessingInitializeOnLoad (2ms)
				ProcessInitializeOnLoadAttributes (160ms)
				ProcessInitializeOnLoadMethodAttributes (49ms)
				AfterProcessingInitializeOnLoad (0ms)
				EditorAssembliesLoaded (0ms)
			ExecutionOrderSort2 (0ms)
			AwakeInstancesAfterBackupRestoration (0ms)
Platform modules already initialized, skipping
Registering precompiled user dll's ...
Registered in 0.019024 seconds.
Begin MonoManager ReloadAssembly
Symbol file LoadedFromMemory doesn't match image C:\Iskra\Library\PackageCache\com.unity.visualscripting@1.6.1\Editor\VisualScripting.Core\Dependencies\YamlDotNet\Unity.VisualScripting.YamlDotNet.dll
Symbol file LoadedFromMemory doesn't match image C:\Iskra\Library\PackageCache\com.unity.visualscripting@1.6.1\Editor\VisualScripting.Core\Dependencies\DotNetZip\Unity.VisualScripting.IonicZip.dll
Native extension for WindowsStandalone target not found
Native extension for WebGL target not found
Refreshing native plugins compatible for Editor in 588.23 ms, found 4 plugins.
Preloading 0 native plugins for Editor in 0.00 ms.
Mono: successfully reloaded assembly
- Completed reload, in  4.301 seconds
Domain Reload Profiling:
	ReloadAssembly (4302ms)
		BeginReloadAssembly (264ms)
			ExecutionOrderSort (0ms)
			DisableScriptedObjects (7ms)
			BackupInstance (0ms)
			ReleaseScriptingObjects (1ms)
			CreateAndSetChildDomain (49ms)
		EndReloadAssembly (3942ms)
			LoadAssemblies (209ms)
			RebuildTransferFunctionScriptingTraits (0ms)
			SetupTypeCache (946ms)
			ReleaseScriptCaches (3ms)
			RebuildScriptCaches (342ms)
			SetupLoadedEditorAssemblies (2293ms)
				LogAssemblyErrors (0ms)
				InitializePlatformSupportModulesInManaged (7ms)
				SetLoadedEditorAssemblies (0ms)
				RefreshPlugins (588ms)
				BeforeProcessingInitializeOnLoad (203ms)
				ProcessInitializeOnLoadAttributes (1430ms)
				ProcessInitializeOnLoadMethodAttributes (54ms)
				AfterProcessingInitializeOnLoad (9ms)
				EditorAssembliesLoaded (1ms)
			ExecutionOrderSort2 (0ms)
			AwakeInstancesAfterBackupRestoration (10ms)
Platform modules already initialized, skipping
========================================================================
Worker process is ready to serve import requests
Launched and connected shader compiler UnityShaderCompiler.exe after 0.09 seconds
Refreshing native plugins compatible for Editor in 10.19 ms, found 4 plugins.
Preloading 0 native plugins for Editor in 0.00 ms.
Unloading 9304 Unused Serialized files (Serialized files now loaded: 0)
System memory in use before: 506.8 MB.
System memory in use after: 506.4 MB.

Unloading 48 unused Assets to reduce memory usage. Loaded Objects now: 9811.
Total: 16.667900 ms (FindLiveObjects: 2.268600 ms CreateObjectMapping: 1.224100 ms MarkObjects: 12.088100 ms  DeleteObjects: 1.084100 ms)

AssetImportParameters requested are different than current active one (requested -> active):
  custom:framework-win-MediaFoundation: 216162199b28c13a410421893ffa2e32 -> 
  custom:video-decoder-ogg-theora: a1e56fd34408186e4bbccfd4996cb3dc -> 
  custom:container-muxer-webm: aa71ff27fc2769a1b78a27578f13a17b -> 
  custom:container-demuxer-webm: 4f35f7cbe854078d1ac9338744f61a02 -> 
  custom:container-demuxer-ogg: 62fdf1f143b41e24485cea50d1cbac27 -> 
  custom:video-encoder-webm-vp8: eb34c28f22e8b96e1ab97ce403110664 -> 
  custom:video-decoder-webm-vp8: 9c59270c3fd7afecdb556c50c9e8de78 -> 
  custom:audio-decoder-ogg-vorbis: bf7c407c2cedff20999df2af8eb42d56 -> 
  custom:audio-encoder-webm-vorbis: bf7c407c2cedff20999df2af8eb42d56 -> 
========================================================================
Received Import Request.
  path: Assets/Malbers Animations/Horse AnimSet Pro/2 - Animations/Animations Clips/Rider/Mount Dismount/Rider_Mount_Dismount_Right.FBX
  artifactKey: Guid(2aeb707180d42334e806b771aa35596f) Importer(815301076,1909f56bfc062723c751e8b465ee728b)
Start importing Assets/Malbers Animations/Horse AnimSet Pro/2 - Animations/Animations Clips/Rider/Mount Dismount/Rider_Mount_Dismount_Right.FBX using Guid(2aeb707180d42334e806b771aa35596f) Importer(815301076,1909f56bfc062723c751e8b465ee728b) WaveEditorWindow uses the CustomEditor attribute but does not inherit from Editor.
You must inherit from Editor. See the Editor class script documentation.
UnityEngine.StackTraceUtility:ExtractStackTrace ()
UnityEngine.DebugLogHandler:LogFormat (UnityEngine.LogType,UnityEngine.Object,string,object[])
UnityEngine.Logger:Log (UnityEngine.LogType,object)
UnityEngine.Debug:LogWarning (object)
UnityEditor.CustomEditorAttributes:Rebuild ()
UnityEditor.CustomEditorAttributes:FindCustomEditorTypeByType (System.Type,bool)
UnityEditor.CustomEditorAttributes:FindCustomEditorType (UnityEngine.Object,bool)
UnityEditor.AssetPreviewUpdater:CreatePreview (UnityEngine.Object,UnityEngine.Object[],string,int,int)
UnityEditor.AssetPreviewUpdater:CreatePreviewForAsset (UnityEngine.Object,UnityEngine.Object[],string)

 -> (artifact id: '54533b3a5fa5f80061ada885240464bb') in 0.154193 seconds 
========================================================================
Received Prepare
Refreshing native plugins compatible for Editor in 16.43 ms, found 4 plugins.
Preloading 0 native plugins for Editor in 0.00 ms.
Unloading 34 Unused Serialized files (Serialized files now loaded: 0)
System memory in use before: 301.2 MB.
System memory in use after: 300.9 MB.

Unloading 35 unused Assets to reduce memory usage. Loaded Objects now: 9811.
Total: 17.413400 ms (FindLiveObjects: 2.315300 ms CreateObjectMapping: 0.943600 ms MarkObjects: 13.197400 ms  DeleteObjects: 0.954900 ms)

AssetImportParameters requested are different than current active one (requested -> active):
  custom:framework-win-MediaFoundation: 216162199b28c13a410421893ffa2e32 -> 
  custom:video-decoder-ogg-theora: a1e56fd34408186e4bbccfd4996cb3dc -> 
  custom:container-muxer-webm: aa71ff27fc2769a1b78a27578f13a17b -> 
  custom:container-demuxer-webm: 4f35f7cbe854078d1ac9338744f61a02 -> 
  custom:container-demuxer-ogg: 62fdf1f143b41e24485cea50d1cbac27 -> 
  custom:video-encoder-webm-vp8: eb34c28f22e8b96e1ab97ce403110664 -> 
  custom:video-decoder-webm-vp8: 9c59270c3fd7afecdb556c50c9e8de78 -> 
  custom:audio-decoder-ogg-vorbis: bf7c407c2cedff20999df2af8eb42d56 -> 
  custom:audio-encoder-webm-vorbis: bf7c407c2cedff20999df2af8eb42d56 -> 
========================================================================
Received Import Request.
  Time since last request: 10.451822 seconds.
  path: Assets/Malbers Animations/Horse AnimSet Pro/2 - Animations/Animations Clips/Rider/Mount Dismount/Rider_Mount_Dismount_Right.FBX
  artifactKey: Guid(2aeb707180d42334e806b771aa35596f) Importer(815301076,1909f56bfc062723c751e8b465ee728b)
Start importing Assets/Malbers Animations/Horse AnimSet Pro/2 - Animations/Animations Clips/Rider/Mount Dismount/Rider_Mount_Dismount_Right.FBX using Guid(2aeb707180d42334e806b771aa35596f) Importer(815301076,1909f56bfc062723c751e8b465ee728b)  -> (artifact id: '539add1b4d01108c52696e93e19a1577') in 0.200975 seconds 
========================================================================
Received Prepare
Registering precompiled user dll's ...
Registered in 0.018860 seconds.
Begin MonoManager ReloadAssembly
Symbol file LoadedFromMemory doesn't match image C:\Iskra\Library\PackageCache\com.unity.visualscripting@1.6.1\Editor\VisualScripting.Core\Dependencies\YamlDotNet\Unity.VisualScripting.YamlDotNet.dll
Symbol file LoadedFromMemory doesn't match image C:\Iskra\Library\PackageCache\com.unity.visualscripting@1.6.1\Editor\VisualScripting.Core\Dependencies\DotNetZip\Unity.VisualScripting.IonicZip.dll
Native extension for WindowsStandalone target not found
Native extension for WebGL target not found
Refreshing native plugins compatible for Editor in 8.04 ms, found 4 plugins.
Preloading 0 native plugins for Editor in 0.00 ms.
Mono: successfully reloaded assembly
- Completed reload, in  3.151 seconds
Domain Reload Profiling:
	ReloadAssembly (3152ms)
		BeginReloadAssembly (276ms)
			ExecutionOrderSort (0ms)
			DisableScriptedObjects (7ms)
			BackupInstance (0ms)
			ReleaseScriptingObjects (1ms)
			CreateAndSetChildDomain (134ms)
		EndReloadAssembly (2777ms)
			LoadAssemblies (207ms)
			RebuildTransferFunctionScriptingTraits (0ms)
			SetupTypeCache (873ms)
			ReleaseScriptCaches (5ms)
			RebuildScriptCaches (156ms)
			SetupLoadedEditorAssemblies (1403ms)
				LogAssemblyErrors (0ms)
				InitializePlatformSupportModulesInManaged (9ms)
				SetLoadedEditorAssemblies (1ms)
				RefreshPlugins (8ms)
				BeforeProcessingInitializeOnLoad (124ms)
				ProcessInitializeOnLoadAttributes (1187ms)
				ProcessInitializeOnLoadMethodAttributes (67ms)
				AfterProcessingInitializeOnLoad (7ms)
				EditorAssembliesLoaded (1ms)
			ExecutionOrderSort2 (0ms)
			AwakeInstancesAfterBackupRestoration (13ms)
Platform modules already initialized, skipping
Refreshing native plugins compatible for Editor in 10.15 ms, found 4 plugins.
Preloading 0 native plugins for Editor in 0.00 ms.
Unloading 9030 Unused Serialized files (Serialized files now loaded: 0)
System memory in use before: 481.1 MB.
System memory in use after: 480.8 MB.

Unloading 41 unused Assets to reduce memory usage. Loaded Objects now: 9815.
Total: 16.007400 ms (FindLiveObjects: 2.074400 ms CreateObjectMapping: 0.909900 ms MarkObjects: 11.828400 ms  DeleteObjects: 1.190500 ms)

AssetImportParameters requested are different than current active one (requested -> active):
  custom:framework-win-MediaFoundation: 216162199b28c13a410421893ffa2e32 -> 
  custom:video-decoder-ogg-theora: a1e56fd34408186e4bbccfd4996cb3dc -> 
  custom:container-muxer-webm: aa71ff27fc2769a1b78a27578f13a17b -> 
  custom:container-demuxer-webm: 4f35f7cbe854078d1ac9338744f61a02 -> 
  custom:container-demuxer-ogg: 62fdf1f143b41e24485cea50d1cbac27 -> 
  custom:video-encoder-webm-vp8: eb34c28f22e8b96e1ab97ce403110664 -> 
  custom:video-decoder-webm-vp8: 9c59270c3fd7afecdb556c50c9e8de78 -> 
  custom:audio-decoder-ogg-vorbis: bf7c407c2cedff20999df2af8eb42d56 -> 
  custom:audio-encoder-webm-vorbis: bf7c407c2cedff20999df2af8eb42d56 -> 
========================================================================
Received Prepare
Registering precompiled user dll's ...
Registered in 0.019739 seconds.
Begin MonoManager ReloadAssembly
Symbol file LoadedFromMemory doesn't match image C:\Iskra\Library\PackageCache\com.unity.visualscripting@1.6.1\Editor\VisualScripting.Core\Dependencies\YamlDotNet\Unity.VisualScripting.YamlDotNet.dll
Symbol file LoadedFromMemory doesn't match image C:\Iskra\Library\PackageCache\com.unity.visualscripting@1.6.1\Editor\VisualScripting.Core\Dependencies\DotNetZip\Unity.VisualScripting.IonicZip.dll
Native extension for WindowsStandalone target not found
Native extension for WebGL target not found
Refreshing native plugins compatible for Editor in 10.11 ms, found 4 plugins.
Preloading 0 native plugins for Editor in 0.00 ms.
Mono: successfully reloaded assembly
- Completed reload, in  3.376 seconds
Domain Reload Profiling:
	ReloadAssembly (3377ms)
		BeginReloadAssembly (279ms)
			ExecutionOrderSort (0ms)
			DisableScriptedObjects (6ms)
			BackupInstance (0ms)
			ReleaseScriptingObjects (1ms)
			CreateAndSetChildDomain (142ms)
		EndReloadAssembly (3001ms)
			LoadAssemblies (216ms)
			RebuildTransferFunctionScriptingTraits (0ms)
			SetupTypeCache (942ms)
			ReleaseScriptCaches (6ms)
			RebuildScriptCaches (174ms)
			SetupLoadedEditorAssemblies (1505ms)
				LogAssemblyErrors (0ms)
				InitializePlatformSupportModulesInManaged (8ms)
				SetLoadedEditorAssemblies (1ms)
				RefreshPlugins (10ms)
				BeforeProcessingInitializeOnLoad (133ms)
				ProcessInitializeOnLoadAttributes (1296ms)
				ProcessInitializeOnLoadMethodAttributes (49ms)
				AfterProcessingInitializeOnLoad (8ms)
				EditorAssembliesLoaded (1ms)
			ExecutionOrderSort2 (0ms)
			AwakeInstancesAfterBackupRestoration (12ms)
Platform modules already initialized, skipping
Refreshing native plugins compatible for Editor in 9.57 ms, found 4 plugins.
Preloading 0 native plugins for Editor in 0.00 ms.
Unloading 9030 Unused Serialized files (Serialized files now loaded: 0)
System memory in use before: 481.4 MB.
System memory in use after: 481.0 MB.

Unloading 41 unused Assets to reduce memory usage. Loaded Objects now: 9819.
Total: 18.040300 ms (FindLiveObjects: 2.755500 ms CreateObjectMapping: 1.209300 ms MarkObjects: 12.800400 ms  DeleteObjects: 1.272200 ms)

AssetImportParameters requested are different than current active one (requested -> active):
  custom:framework-win-MediaFoundation: 216162199b28c13a410421893ffa2e32 -> 
  custom:video-decoder-ogg-theora: a1e56fd34408186e4bbccfd4996cb3dc -> 
  custom:container-muxer-webm: aa71ff27fc2769a1b78a27578f13a17b -> 
  custom:container-demuxer-webm: 4f35f7cbe854078d1ac9338744f61a02 -> 
  custom:container-demuxer-ogg: 62fdf1f143b41e24485cea50d1cbac27 -> 
  custom:video-encoder-webm-vp8: eb34c28f22e8b96e1ab97ce403110664 -> 
  custom:video-decoder-webm-vp8: 9c59270c3fd7afecdb556c50c9e8de78 -> 
  custom:audio-decoder-ogg-vorbis: bf7c407c2cedff20999df2af8eb42d56 -> 
  custom:audio-encoder-webm-vorbis: bf7c407c2cedff20999df2af8eb42d56 -> 
========================================================================
Received Prepare
Registering precompiled user dll's ...
Registered in 0.017774 seconds.
Begin MonoManager ReloadAssembly
Symbol file LoadedFromMemory doesn't match image C:\Iskra\Library\PackageCache\com.unity.visualscripting@1.6.1\Editor\VisualScripting.Core\Dependencies\YamlDotNet\Unity.VisualScripting.YamlDotNet.dll
Symbol file LoadedFromMemory doesn't match image C:\Iskra\Library\PackageCache\com.unity.visualscripting@1.6.1\Editor\VisualScripting.Core\Dependencies\DotNetZip\Unity.VisualScripting.IonicZip.dll
Native extension for WindowsStandalone target not found
Native extension for WebGL target not found
Refreshing native plugins compatible for Editor in 8.07 ms, found 4 plugins.
Preloading 0 native plugins for Editor in 0.00 ms.
Mono: successfully reloaded assembly
- Completed reload, in  3.133 seconds
Domain Reload Profiling:
	ReloadAssembly (3134ms)
		BeginReloadAssembly (249ms)
			ExecutionOrderSort (0ms)
			DisableScriptedObjects (5ms)
			BackupInstance (0ms)
			ReleaseScriptingObjects (0ms)
			CreateAndSetChildDomain (118ms)
		EndReloadAssembly (2791ms)
			LoadAssemblies (197ms)
			RebuildTransferFunctionScriptingTraits (0ms)
			SetupTypeCache (879ms)
			ReleaseScriptCaches (6ms)
			RebuildScriptCaches (158ms)
			SetupLoadedEditorAssemblies (1405ms)
				LogAssemblyErrors (0ms)
				InitializePlatformSupportModulesInManaged (9ms)
				SetLoadedEditorAssemblies (1ms)
				RefreshPlugins (8ms)
				BeforeProcessingInitializeOnLoad (123ms)
				ProcessInitializeOnLoadAttributes (1209ms)
				ProcessInitializeOnLoadMethodAttributes (47ms)
				AfterProcessingInitializeOnLoad (7ms)
				EditorAssembliesLoaded (0ms)
			ExecutionOrderSort2 (0ms)
			AwakeInstancesAfterBackupRestoration (11ms)
Platform modules already initialized, skipping
Refreshing native plugins compatible for Editor in 9.49 ms, found 4 plugins.
Preloading 0 native plugins for Editor in 0.00 ms.
Unloading 8561 Unused Serialized files (Serialized files now loaded: 0)
System memory in use before: 471.7 MB.
System memory in use after: 471.3 MB.

Unloading 421 unused Assets to reduce memory usage. Loaded Objects now: 9443.
Total: 17.904800 ms (FindLiveObjects: 2.746500 ms CreateObjectMapping: 1.196500 ms MarkObjects: 12.283700 ms  DeleteObjects: 1.674200 ms)

AssetImportParameters requested are different than current active one (requested -> active):
  custom:framework-win-MediaFoundation: 216162199b28c13a410421893ffa2e32 -> 
  custom:video-decoder-ogg-theora: a1e56fd34408186e4bbccfd4996cb3dc -> 
  custom:container-muxer-webm: aa71ff27fc2769a1b78a27578f13a17b -> 
  custom:container-demuxer-webm: 4f35f7cbe854078d1ac9338744f61a02 -> 
  custom:container-demuxer-ogg: 62fdf1f143b41e24485cea50d1cbac27 -> 
  custom:video-encoder-webm-vp8: eb34c28f22e8b96e1ab97ce403110664 -> 
  custom:video-decoder-webm-vp8: 9c59270c3fd7afecdb556c50c9e8de78 -> 
  custom:audio-decoder-ogg-vorbis: bf7c407c2cedff20999df2af8eb42d56 -> 
  custom:audio-encoder-webm-vorbis: bf7c407c2cedff20999df2af8eb42d56 -> 
========================================================================
Received Import Request.
  Time since last request: 1137.588940 seconds.
  path: Assets/Editor Default Resources
  artifactKey: Guid(f1bed92fb191b0743993083cf0f1f38e) Importer(815301076,1909f56bfc062723c751e8b465ee728b)
Start importing Assets/Editor Default Resources using Guid(f1bed92fb191b0743993083cf0f1f38e) Importer(815301076,1909f56bfc062723c751e8b465ee728b)  -> (artifact id: '8fc67c63d8fd5195cd9d5192b1d74727') in 0.034439 seconds 
========================================================================
Received Import Request.
  Time since last request: 0.111737 seconds.
  path: Assets/Dialogue System Examples
  artifactKey: Guid(25aa59b0447a9d54c8281f11cc66f068) Importer(815301076,1909f56bfc062723c751e8b465ee728b)
Start importing Assets/Dialogue System Examples using Guid(25aa59b0447a9d54c8281f11cc66f068) Importer(815301076,1909f56bfc062723c751e8b465ee728b)  -> (artifact id: '471110aef069d61af98182f1d09d375a') in 0.012043 seconds 
========================================================================
Received Import Request.
  Time since last request: 3.543674 seconds.
  path: Assets/Aura 2
  artifactKey: Guid(46b7f71e6fb4f3f4180a80ead7fea6e5) Importer(815301076,1909f56bfc062723c751e8b465ee728b)
Start importing Assets/Aura 2 using Guid(46b7f71e6fb4f3f4180a80ead7fea6e5) Importer(815301076,1909f56bfc062723c751e8b465ee728b)  -> (artifact id: '52012d3c33ad73047a12c0fdef5a48b8') in 0.010773 seconds 
========================================================================
Received Import Request.
  Time since last request: 0.117016 seconds.
  path: Assets/BOXOPHOBIC
  artifactKey: Guid(348ab19741493f547bda09d5e5154e7e) Importer(815301076,1909f56bfc062723c751e8b465ee728b)
Start importing Assets/BOXOPHOBIC using Guid(348ab19741493f547bda09d5e5154e7e) Importer(815301076,1909f56bfc062723c751e8b465ee728b)  -> (artifact id: '686eeb9686ab9dff112e23482df59487') in 0.010521 seconds 
========================================================================
Received Import Request.
  Time since last request: 0.007627 seconds.
  path: Assets/Cursors
  artifactKey: Guid(101df507950c1cd4bbc79de525fef064) Importer(815301076,1909f56bfc062723c751e8b465ee728b)
Start importing Assets/Cursors using Guid(101df507950c1cd4bbc79de525fef064) Importer(815301076,1909f56bfc062723c751e8b465ee728b)  -> (artifact id: 'ee2e8bb5a53f30d537d048406c034e6d') in 0.010427 seconds 
========================================================================
Received Import Request.
  Time since last request: 0.224602 seconds.
  path: Assets/Gaia User Data
  artifactKey: Guid(bf7627cbad725a744a75620eed69cbe2) Importer(815301076,1909f56bfc062723c751e8b465ee728b)
Start importing Assets/Gaia User Data using Guid(bf7627cbad725a744a75620eed69cbe2) Importer(815301076,1909f56bfc062723c751e8b465ee728b)  -> (artifact id: 'e991557783e32dd213926b905889d3c5') in 0.010618 seconds 
========================================================================
Received Import Request.
  Time since last request: 0.006859 seconds.
  path: Assets/Gizmos
  artifactKey: Guid(6f9cdca5a3b15f14f8191f41d9ce036e) Importer(815301076,1909f56bfc062723c751e8b465ee728b)
Start importing Assets/Gizmos using Guid(6f9cdca5a3b15f14f8191f41d9ce036e) Importer(815301076,1909f56bfc062723c751e8b465ee728b)  -> (artifact id: '0477b96010dfe9f03c6b42199470c174') in 0.011149 seconds 
========================================================================
Received Import Request.
  Time since last request: 0.079579 seconds.
  path: Assets/Ink
  artifactKey: Guid(d5f403da54b07a642a03511a31b571eb) Importer(815301076,1909f56bfc062723c751e8b465ee728b)
Start importing Assets/Ink using Guid(d5f403da54b07a642a03511a31b571eb) Importer(815301076,1909f56bfc062723c751e8b465ee728b)  -> (artifact id: '2f5711e8dff30e0daf82d57c8e4299d0') in 0.010983 seconds 
========================================================================
Received Import Request.
  Time since last request: 0.181363 seconds.
  path: Assets/Modern UI Pack
  artifactKey: Guid(1d1c3bfce6c1cf1449f1674ec1a546f0) Importer(815301076,1909f56bfc062723c751e8b465ee728b)
Start importing Assets/Modern UI Pack using Guid(1d1c3bfce6c1cf1449f1674ec1a546f0) Importer(815301076,1909f56bfc062723c751e8b465ee728b)  -> (artifact id: '41d40d4311cf2440f71e991c8c0596df') in 0.010335 seconds 
========================================================================
Received Import Request.
  Time since last request: 0.008148 seconds.
  path: Assets/NavMesh
  artifactKey: Guid(7738ec33d4cd53a478cb2db1ef7f716c) Importer(815301076,1909f56bfc062723c751e8b465ee728b)
Start importing Assets/NavMesh using Guid(7738ec33d4cd53a478cb2db1ef7f716c) Importer(815301076,1909f56bfc062723c751e8b465ee728b)  -> (artifact id: '399601981725efac27a8349eb2cb80f5') in 0.010159 seconds 
========================================================================
Received Import Request.
  Time since last request: 0.082035 seconds.
  path: Assets/Pixel Crushers
  artifactKey: Guid(b4275c737e7f7b04aae8d5028fd46eff) Importer(815301076,1909f56bfc062723c751e8b465ee728b)
Start importing Assets/Pixel Crushers using Guid(b4275c737e7f7b04aae8d5028fd46eff) Importer(815301076,1909f56bfc062723c751e8b465ee728b)  -> (artifact id: '844feb23a5ee2b56d2c9bca063ef2b96') in 0.010670 seconds 
========================================================================
Received Import Request.
  Time since last request: 0.070563 seconds.
  path: Assets/Polybrush Data
  artifactKey: Guid(0b907973652d9e448838da8554a3834c) Importer(815301076,1909f56bfc062723c751e8b465ee728b)
Start importing Assets/Polybrush Data using Guid(0b907973652d9e448838da8554a3834c) Importer(815301076,1909f56bfc062723c751e8b465ee728b)  -> (artifact id: 'd7e81dfeea44427ed3741603ac873bb9') in 0.010493 seconds 
========================================================================
Received Import Request.
  Time since last request: 0.170155 seconds.
  path: Assets/Procedural Worlds
  artifactKey: Guid(5871b43fde6d6214599865d317069b9c) Importer(815301076,1909f56bfc062723c751e8b465ee728b)
Start importing Assets/Procedural Worlds using Guid(5871b43fde6d6214599865d317069b9c) Importer(815301076,1909f56bfc062723c751e8b465ee728b)  -> (artifact id: 'd89c56e0e14ef38735067d80e0770da0') in 0.016897 seconds 
========================================================================
Received Import Request.
  Time since last request: 0.309356 seconds.
  path: Assets/StarterAssets
  artifactKey: Guid(48a531be63dd9284ea66ddaeb2a91d2a) Importer(815301076,1909f56bfc062723c751e8b465ee728b)
Start importing Assets/StarterAssets using Guid(48a531be63dd9284ea66ddaeb2a91d2a) Importer(815301076,1909f56bfc062723c751e8b465ee728b)  -> (artifact id: 'b4f3818153baa639e83555f929cea782') in 0.010687 seconds 
========================================================================
Received Import Request.
  Time since last request: 0.006589 seconds.
  path: Assets/Stylized Nature Pack
  artifactKey: Guid(feb7acb519dac264499b21cabb43b5e7) Importer(815301076,1909f56bfc062723c751e8b465ee728b)
Start importing Assets/Stylized Nature Pack using Guid(feb7acb519dac264499b21cabb43b5e7) Importer(815301076,1909f56bfc062723c751e8b465ee728b)  -> (artifact id: '1e6795c13aef805d99c9cec521e5229a') in 0.010619 seconds 
========================================================================
Received Import Request.
  Time since last request: 0.019851 seconds.
  path: Assets/TextMesh Pro
  artifactKey: Guid(f54d1bd14bd3ca042bd867b519fee8cc) Importer(815301076,1909f56bfc062723c751e8b465ee728b)
Start importing Assets/TextMesh Pro using Guid(f54d1bd14bd3ca042bd867b519fee8cc) Importer(815301076,1909f56bfc062723c751e8b465ee728b)  -> (artifact id: '16b4cbde9565bf190136f1148817e1ea') in 0.009236 seconds 
========================================================================
Received Import Request.
  Time since last request: 0.027629 seconds.
  path: Assets/Unity3D-MeleeComboTutorial-main
  artifactKey: Guid(f8331159efb467843bfe3205b16044aa) Importer(815301076,1909f56bfc062723c751e8b465ee728b)
Start importing Assets/Unity3D-MeleeComboTutorial-main using Guid(f8331159efb467843bfe3205b16044aa) Importer(815301076,1909f56bfc062723c751e8b465ee728b)  -> (artifact id: 'ee3b75bd2292d088d80e86605485de92') in 0.008363 seconds 
========================================================================
Received Import Request.
  Time since last request: 0.095641 seconds.
  path: Assets/VegetationSpawner
  artifactKey: Guid(8688eb59f12caee44a61d479dd4a1588) Importer(815301076,1909f56bfc062723c751e8b465ee728b)
Start importing Assets/VegetationSpawner using Guid(8688eb59f12caee44a61d479dd4a1588) Importer(815301076,1909f56bfc062723c751e8b465ee728b)  -> (artifact id: 'e01516b8c9d6694a1b8db7708db06831') in 0.009022 seconds 
========================================================================
Received Import Request.
  Time since last request: 0.051466 seconds.
  path: Assets/CapFramerate.cs
  artifactKey: Guid(c6dae7b2d7f33c94a9695f9dfc1dfe90) Importer(815301076,1909f56bfc062723c751e8b465ee728b)
Start importing Assets/CapFramerate.cs using Guid(c6dae7b2d7f33c94a9695f9dfc1dfe90) Importer(815301076,1909f56bfc062723c751e8b465ee728b)  -> (artifact id: 'd1abfc79ec987c19cb62f651175c0fb3') in 0.016356 seconds 
========================================================================
Received Import Request.
  Time since last request: 0.102421 seconds.
  path: Assets/Dialogue Database.asset
  artifactKey: Guid(1516a60ea501e1342b0c62a7b64af8d6) Importer(815301076,1909f56bfc062723c751e8b465ee728b)
Start importing Assets/Dialogue Database.asset using Guid(1516a60ea501e1342b0c62a7b64af8d6) Importer(815301076,1909f56bfc062723c751e8b465ee728b) WaveEditorWindow uses the CustomEditor attribute but does not inherit from Editor.
You must inherit from Editor. See the Editor class script documentation.
UnityEngine.StackTraceUtility:ExtractStackTrace ()
UnityEngine.DebugLogHandler:LogFormat (UnityEngine.LogType,UnityEngine.Object,string,object[])
UnityEngine.Logger:Log (UnityEngine.LogType,object)
UnityEngine.Debug:LogWarning (object)
UnityEditor.CustomEditorAttributes:Rebuild ()
UnityEditor.CustomEditorAttributes:FindCustomEditorTypeByType (System.Type,bool)
UnityEditor.CustomEditorAttributes:FindCustomEditorType (UnityEngine.Object,bool)
UnityEditor.AssetPreviewUpdater:CreatePreview (UnityEngine.Object,UnityEngine.Object[],string,int,int)
UnityEditor.AssetPreviewUpdater:CreatePreviewForAsset (UnityEngine.Object,UnityEngine.Object[],string)

 -> (artifact id: '56e810ed214650732be9c8dee1287202') in 0.049105 seconds 
========================================================================
Received Import Request.
  Time since last request: 0.108131 seconds.
  path: Assets/Mother.overrideController
  artifactKey: Guid(6bead809e1255e147a9d462d513af086) Importer(815301076,1909f56bfc062723c751e8b465ee728b)
Start importing Assets/Mother.overrideController using Guid(6bead809e1255e147a9d462d513af086) Importer(815301076,1909f56bfc062723c751e8b465ee728b)  -> (artifact id: 'fb4a8a0eed1b8034069ea11e0093d217') in 0.103618 seconds 
========================================================================
Received Import Request.
  Time since last request: 0.021740 seconds.
  path: Assets/MotherTimeline.playable
  artifactKey: Guid(b2d48cbabc860ac46bb6f11c2c364210) Importer(815301076,1909f56bfc062723c751e8b465ee728b)
Start importing Assets/MotherTimeline.playable using Guid(b2d48cbabc860ac46bb6f11c2c364210) Importer(815301076,1909f56bfc062723c751e8b465ee728b)  -> (artifact id: '16572c4f05dccccfd7e5520e76a83f5e') in 0.014212 seconds 
========================================================================
Received Import Request.
  Time since last request: 0.121899 seconds.
  path: Assets/NewBehaviourScript.cs
  artifactKey: Guid(45bde7f9ff1ba12428fad2e8f849f0b5) Importer(815301076,1909f56bfc062723c751e8b465ee728b)
Start importing Assets/NewBehaviourScript.cs using Guid(45bde7f9ff1ba12428fad2e8f849f0b5) Importer(815301076,1909f56bfc062723c751e8b465ee728b)  -> (artifact id: '96469e05ddd86337fb085881333c4a67') in 0.009678 seconds 
========================================================================
Received Import Request.
  Time since last request: 1.293602 seconds.
  path: Assets/FatherProfile.asset
  artifactKey: Guid(6c9aae87d12fc184894fa6a5403f5f0e) Importer(815301076,1909f56bfc062723c751e8b465ee728b)
Start importing Assets/FatherProfile.asset using Guid(6c9aae87d12fc184894fa6a5403f5f0e) Importer(815301076,1909f56bfc062723c751e8b465ee728b)  -> (artifact id: 'b3b6bdc05cea059d14b1904349094bb0') in 0.065998 seconds 
========================================================================
Received Import Request.
  Time since last request: 0.000367 seconds.
  path: Assets/Father.overrideController
  artifactKey: Guid(c8fd30a8e2c64204087f10f79a60e512) Importer(815301076,1909f56bfc062723c751e8b465ee728b)
Start importing Assets/Father.overrideController using Guid(c8fd30a8e2c64204087f10f79a60e512) Importer(815301076,1909f56bfc062723c751e8b465ee728b)  -> (artifact id: '6cedd91b81ad324f935eeb03bf2caf5b') in 0.051553 seconds 
========================================================================
Received Prepare
Registering precompiled user dll's ...
Registered in 0.018616 seconds.
Begin MonoManager ReloadAssembly
Symbol file LoadedFromMemory doesn't match image C:\Iskra\Library\PackageCache\com.unity.visualscripting@1.6.1\Editor\VisualScripting.Core\Dependencies\YamlDotNet\Unity.VisualScripting.YamlDotNet.dll
Symbol file LoadedFromMemory doesn't match image C:\Iskra\Library\PackageCache\com.unity.visualscripting@1.6.1\Editor\VisualScripting.Core\Dependencies\DotNetZip\Unity.VisualScripting.IonicZip.dll
Native extension for WindowsStandalone target not found
Native extension for WebGL target not found
Refreshing native plugins compatible for Editor in 8.08 ms, found 4 plugins.
Preloading 0 native plugins for Editor in 0.00 ms.
Mono: successfully reloaded assembly
- Completed reload, in  3.078 seconds
Domain Reload Profiling:
	ReloadAssembly (3079ms)
		BeginReloadAssembly (231ms)
			ExecutionOrderSort (0ms)
			DisableScriptedObjects (6ms)
			BackupInstance (0ms)
			ReleaseScriptingObjects (0ms)
			CreateAndSetChildDomain (111ms)
		EndReloadAssembly (2755ms)
			LoadAssemblies (184ms)
			RebuildTransferFunctionScriptingTraits (0ms)
			SetupTypeCache (847ms)
			ReleaseScriptCaches (5ms)
			RebuildScriptCaches (156ms)
			SetupLoadedEditorAssemblies (1406ms)
				LogAssemblyErrors (0ms)
				InitializePlatformSupportModulesInManaged (9ms)
				SetLoadedEditorAssemblies (1ms)
				RefreshPlugins (8ms)
				BeforeProcessingInitializeOnLoad (128ms)
				ProcessInitializeOnLoadAttributes (1205ms)
				ProcessInitializeOnLoadMethodAttributes (47ms)
				AfterProcessingInitializeOnLoad (8ms)
				EditorAssembliesLoaded (1ms)
			ExecutionOrderSort2 (0ms)
			AwakeInstancesAfterBackupRestoration (12ms)
Platform modules already initialized, skipping
Refreshing native plugins compatible for Editor in 10.32 ms, found 4 plugins.
Preloading 0 native plugins for Editor in 0.00 ms.
Unloading 8559 Unused Serialized files (Serialized files now loaded: 0)
System memory in use before: 467.1 MB.
System memory in use after: 466.7 MB.

Unloading 43 unused Assets to reduce memory usage. Loaded Objects now: 9445.
Total: 56.298500 ms (FindLiveObjects: 2.280600 ms CreateObjectMapping: 1.202500 ms MarkObjects: 51.706600 ms  DeleteObjects: 1.106300 ms)

AssetImportParameters requested are different than current active one (requested -> active):
  custom:framework-win-MediaFoundation: 216162199b28c13a410421893ffa2e32 -> 
  custom:video-decoder-ogg-theora: a1e56fd34408186e4bbccfd4996cb3dc -> 
  custom:container-muxer-webm: aa71ff27fc2769a1b78a27578f13a17b -> 
  custom:container-demuxer-webm: 4f35f7cbe854078d1ac9338744f61a02 -> 
  custom:container-demuxer-ogg: 62fdf1f143b41e24485cea50d1cbac27 -> 
  custom:video-encoder-webm-vp8: eb34c28f22e8b96e1ab97ce403110664 -> 
  custom:video-decoder-webm-vp8: 9c59270c3fd7afecdb556c50c9e8de78 -> 
  custom:audio-decoder-ogg-vorbis: bf7c407c2cedff20999df2af8eb42d56 -> 
  custom:audio-encoder-webm-vorbis: bf7c407c2cedff20999df2af8eb42d56 -> 
========================================================================
Received Prepare
Registering precompiled user dll's ...
Registered in 0.017258 seconds.
Begin MonoManager ReloadAssembly
Symbol file LoadedFromMemory doesn't match image C:\Iskra\Library\PackageCache\com.unity.visualscripting@1.6.1\Editor\VisualScripting.Core\Dependencies\YamlDotNet\Unity.VisualScripting.YamlDotNet.dll
Symbol file LoadedFromMemory doesn't match image C:\Iskra\Library\PackageCache\com.unity.visualscripting@1.6.1\Editor\VisualScripting.Core\Dependencies\DotNetZip\Unity.VisualScripting.IonicZip.dll
Native extension for WindowsStandalone target not found
Native extension for WebGL target not found
Refreshing native plugins compatible for Editor in 7.88 ms, found 4 plugins.
Preloading 0 native plugins for Editor in 0.00 ms.
Mono: successfully reloaded assembly
- Completed reload, in  3.130 seconds
Domain Reload Profiling:
	ReloadAssembly (3130ms)
		BeginReloadAssembly (240ms)
			ExecutionOrderSort (0ms)
			DisableScriptedObjects (6ms)
			BackupInstance (0ms)
			ReleaseScriptingObjects (0ms)
			CreateAndSetChildDomain (117ms)
		EndReloadAssembly (2798ms)
			LoadAssemblies (185ms)
			RebuildTransferFunctionScriptingTraits (0ms)
			SetupTypeCache (850ms)
			ReleaseScriptCaches (5ms)
			RebuildScriptCaches (170ms)
			SetupLoadedEditorAssemblies (1427ms)
				LogAssemblyErrors (0ms)
				InitializePlatformSupportModulesInManaged (8ms)
				SetLoadedEditorAssemblies (1ms)
				RefreshPlugins (8ms)
				BeforeProcessingInitializeOnLoad (127ms)
				ProcessInitializeOnLoadAttributes (1227ms)
				ProcessInitializeOnLoadMethodAttributes (49ms)
				AfterProcessingInitializeOnLoad (7ms)
				EditorAssembliesLoaded (1ms)
			ExecutionOrderSort2 (0ms)
			AwakeInstancesAfterBackupRestoration (12ms)
Platform modules already initialized, skipping
Refreshing native plugins compatible for Editor in 7.92 ms, found 4 plugins.
Preloading 0 native plugins for Editor in 0.00 ms.
Unloading 8553 Unused Serialized files (Serialized files now loaded: 0)
System memory in use before: 466.6 MB.
System memory in use after: 466.3 MB.

Unloading 47 unused Assets to reduce memory usage. Loaded Objects now: 9443.
Total: 15.811300 ms (FindLiveObjects: 2.088000 ms CreateObjectMapping: 0.900700 ms MarkObjects: 11.664400 ms  DeleteObjects: 1.155700 ms)

AssetImportParameters requested are different than current active one (requested -> active):
  custom:framework-win-MediaFoundation: 216162199b28c13a410421893ffa2e32 -> 
  custom:video-decoder-ogg-theora: a1e56fd34408186e4bbccfd4996cb3dc -> 
  custom:container-muxer-webm: aa71ff27fc2769a1b78a27578f13a17b -> 
  custom:container-demuxer-webm: 4f35f7cbe854078d1ac9338744f61a02 -> 
  custom:container-demuxer-ogg: 62fdf1f143b41e24485cea50d1cbac27 -> 
  custom:video-encoder-webm-vp8: eb34c28f22e8b96e1ab97ce403110664 -> 
  custom:video-decoder-webm-vp8: 9c59270c3fd7afecdb556c50c9e8de78 -> 
  custom:audio-decoder-ogg-vorbis: bf7c407c2cedff20999df2af8eb42d56 -> 
  custom:audio-encoder-webm-vorbis: bf7c407c2cedff20999df2af8eb42d56 -> 
========================================================================
Received Prepare
Registering precompiled user dll's ...
Registered in 0.018931 seconds.
Begin MonoManager ReloadAssembly
Symbol file LoadedFromMemory doesn't match image C:\Iskra\Library\PackageCache\com.unity.visualscripting@1.6.1\Editor\VisualScripting.Core\Dependencies\YamlDotNet\Unity.VisualScripting.YamlDotNet.dll
Symbol file LoadedFromMemory doesn't match image C:\Iskra\Library\PackageCache\com.unity.visualscripting@1.6.1\Editor\VisualScripting.Core\Dependencies\DotNetZip\Unity.VisualScripting.IonicZip.dll
Native extension for WindowsStandalone target not found
Native extension for WebGL target not found
Refreshing native plugins compatible for Editor in 7.71 ms, found 4 plugins.
Preloading 0 native plugins for Editor in 0.00 ms.
Mono: successfully reloaded assembly
- Completed reload, in  3.084 seconds
Domain Reload Profiling:
	ReloadAssembly (3085ms)
		BeginReloadAssembly (244ms)
			ExecutionOrderSort (0ms)
			DisableScriptedObjects (6ms)
			BackupInstance (0ms)
			ReleaseScriptingObjects (0ms)
			CreateAndSetChildDomain (114ms)
		EndReloadAssembly (2749ms)
			LoadAssemblies (195ms)
			RebuildTransferFunctionScriptingTraits (0ms)
			SetupTypeCache (837ms)
			ReleaseScriptCaches (6ms)
			RebuildScriptCaches (159ms)
			SetupLoadedEditorAssemblies (1404ms)
				LogAssemblyErrors (0ms)
				InitializePlatformSupportModulesInManaged (8ms)
				SetLoadedEditorAssemblies (1ms)
				RefreshPlugins (8ms)
				BeforeProcessingInitializeOnLoad (128ms)
				ProcessInitializeOnLoadAttributes (1203ms)
				ProcessInitializeOnLoadMethodAttributes (48ms)
				AfterProcessingInitializeOnLoad (7ms)
				EditorAssembliesLoaded (1ms)
			ExecutionOrderSort2 (0ms)
			AwakeInstancesAfterBackupRestoration (12ms)
Platform modules already initialized, skipping
Refreshing native plugins compatible for Editor in 11.89 ms, found 4 plugins.
Preloading 0 native plugins for Editor in 0.00 ms.
Unloading 8476 Unused Serialized files (Serialized files now loaded: 0)
System memory in use before: 465.1 MB.
System memory in use after: 464.8 MB.

Unloading 95 unused Assets to reduce memory usage. Loaded Objects now: 9393.
Total: 18.679700 ms (FindLiveObjects: 2.411700 ms CreateObjectMapping: 1.263400 ms MarkObjects: 13.822400 ms  DeleteObjects: 1.179200 ms)

AssetImportParameters requested are different than current active one (requested -> active):
  custom:framework-win-MediaFoundation: 216162199b28c13a410421893ffa2e32 -> 
  custom:video-decoder-ogg-theora: a1e56fd34408186e4bbccfd4996cb3dc -> 
  custom:container-muxer-webm: aa71ff27fc2769a1b78a27578f13a17b -> 
  custom:container-demuxer-webm: 4f35f7cbe854078d1ac9338744f61a02 -> 
  custom:container-demuxer-ogg: 62fdf1f143b41e24485cea50d1cbac27 -> 
  custom:video-encoder-webm-vp8: eb34c28f22e8b96e1ab97ce403110664 -> 
  custom:video-decoder-webm-vp8: 9c59270c3fd7afecdb556c50c9e8de78 -> 
  custom:audio-decoder-ogg-vorbis: bf7c407c2cedff20999df2af8eb42d56 -> 
  custom:audio-encoder-webm-vorbis: bf7c407c2cedff20999df2af8eb42d56 -> 
AssetImportWorkerClient::OnTransportError - code=2 error=End of file
